<?xml version="1.0" encoding="UTF-8"?>
<robot generator="Robot 7.2.2 (Python 3.11.9 on win32)" generated="2025-03-07T14:50:20.694414" rpa="false" schemaversion="5">
<suite id="s1" name="RobotFramework" source="C:\Users\skarz\Documents\_IMPORTANT\PYTHON\Testing\RobotFramework">
<suite id="s1-s1" name="Test Demo Files" source="C:\Users\skarz\Documents\_IMPORTANT\PYTHON\Testing\RobotFramework\test_demo_files">
<suite id="s1-s1-s1" name="testDemo1" source="C:\Users\skarz\Documents\_IMPORTANT\PYTHON\Testing\RobotFramework\test_demo_files\testDemo1.robot">
<test id="s1-s1-s1-t1" name="Validate UnSuccessful Login" line="15">
<kw name="Open the browser with the Mortgage payment url">
<kw name="Open Browser" owner="SeleniumLibrary">
<msg time="2025-03-07T14:50:21.584425" level="INFO">Opening browser 'chrome' to base url 'https://rahulshettyacademy.com/loginpagePractise/'.</msg>
<arg>${url}</arg>
<arg>${browser}</arg>
<doc>Opens a new browser instance to the optional ``url``.</doc>
<status status="PASS" start="2025-03-07T14:50:21.584425" elapsed="1.943393"/>
</kw>
<status status="PASS" start="2025-03-07T14:50:21.583429" elapsed="1.944389"/>
</kw>
<kw name="Fill the login Form">
<kw name="Input Text" owner="SeleniumLibrary">
<msg time="2025-03-07T14:50:23.528818" level="INFO">Typing text 'rahulshettyacademy' into text field 'id:username'.</msg>
<arg>${Login_id}</arg>
<arg>${username}</arg>
<doc>Types the given ``text`` into the text field identified by ``locator``.</doc>
<status status="PASS" start="2025-03-07T14:50:23.528818" elapsed="0.085998"/>
</kw>
<kw name="Input Password" owner="SeleniumLibrary">
<msg time="2025-03-07T14:50:23.615816" level="INFO">Typing password into text field 'id:password'.</msg>
<msg time="2025-03-07T14:50:23.638816" level="INFO">Temporally setting log level to: NONE</msg>
<arg>${Password_id}</arg>
<arg>${password}</arg>
<doc>Types the given password into the text field identified by ``locator``.</doc>
<status status="PASS" start="2025-03-07T14:50:23.615816" elapsed="0.050003"/>
</kw>
<kw name="Click Button" owner="SeleniumLibrary">
<msg time="2025-03-07T14:50:23.665819" level="INFO">Clicking button 'id:signInBtn'.</msg>
<arg>${Login_Button_id}</arg>
<doc>Clicks the button identified by ``locator``.</doc>
<status status="PASS" start="2025-03-07T14:50:23.665819" elapsed="0.051305"/>
</kw>
<arg>${username}</arg>
<arg>${invalid_password}</arg>
<status status="PASS" start="2025-03-07T14:50:23.527818" elapsed="0.189306"/>
</kw>
<kw name="Wait until it checks the login or error message">
<kw name="Wait Until Element Is Visible" owner="SeleniumLibrary">
<arg>${Error_Message_Login}</arg>
<doc>Waits until the element ``locator`` is visible.</doc>
<status status="PASS" start="2025-03-07T14:50:23.717124" elapsed="2.099390"/>
</kw>
<status status="PASS" start="2025-03-07T14:50:23.717124" elapsed="2.099390"/>
</kw>
<kw name="Verify error message">
<kw name="Get Text" owner="SeleniumLibrary">
<msg time="2025-03-07T14:50:25.832515" level="INFO">${result} = Incorrect username/password.</msg>
<var>${result}</var>
<arg>${Error_Message_Login}</arg>
<doc>Returns the text value of the element identified by ``locator``.</doc>
<status status="PASS" start="2025-03-07T14:50:25.816514" elapsed="0.016001"/>
</kw>
<kw name="Should Be Equal As Strings" owner="BuiltIn">
<arg>${result}</arg>
<arg>Incorrect username/password.</arg>
<doc>Fails if objects are unequal after converting them to strings.</doc>
<status status="PASS" start="2025-03-07T14:50:25.832515" elapsed="0.000000"/>
</kw>
<status status="PASS" start="2025-03-07T14:50:25.816514" elapsed="0.016001"/>
</kw>
<kw name="Close Browser Session" owner="Generic" type="TEARDOWN">
<kw name="Close Browser" owner="SeleniumLibrary">
<doc>Closes the current browser.</doc>
<status status="PASS" start="2025-03-07T14:50:25.833515" elapsed="2.093896"/>
</kw>
<status status="PASS" start="2025-03-07T14:50:25.832515" elapsed="2.094896"/>
</kw>
<status status="PASS" start="2025-03-07T14:50:21.583429" elapsed="6.343982"/>
</test>
<doc>Use 'TAB' on the beginning of the values
Test To validate Login Form *Description of the Test Case*
To run test: 'python -m robot -filename-'</doc>
<status status="PASS" start="2025-03-07T14:50:20.804411" elapsed="7.124006"/>
</suite>
<suite id="s1-s1-s2" name="testDemo2" source="C:\Users\skarz\Documents\_IMPORTANT\PYTHON\Testing\RobotFramework\test_demo_files\testDemo2.robot">
<test id="s1-s1-s2-t1" name="Validate Cards Display in the Shopping Page" line="21">
<kw name="Open the browser with the Mortgage payment url" owner="Generic" type="SETUP">
<kw name="Open Browser" owner="SeleniumLibrary">
<msg time="2025-03-07T14:50:27.949273" level="INFO">Opening browser 'chrome' to base url 'https://rahulshettyacademy.com/loginpagePractise/'.</msg>
<arg>${url}</arg>
<arg>${browser}</arg>
<doc>Opens a new browser instance to the optional ``url``.</doc>
<status status="PASS" start="2025-03-07T14:50:27.949273" elapsed="1.960188"/>
</kw>
<status status="PASS" start="2025-03-07T14:50:27.948272" elapsed="1.961189"/>
</kw>
<kw name="Fill the login Form">
<kw name="Input Text" owner="SeleniumLibrary">
<msg time="2025-03-07T14:50:29.910459" level="INFO">Typing text 'rahulshettyacademy' into text field 'id:username'.</msg>
<arg>${Login_id}</arg>
<arg>${username}</arg>
<doc>Types the given ``text`` into the text field identified by ``locator``.</doc>
<status status="PASS" start="2025-03-07T14:50:29.910459" elapsed="0.085000"/>
</kw>
<kw name="Input Password" owner="SeleniumLibrary">
<msg time="2025-03-07T14:50:29.995459" level="INFO">Typing password into text field 'id:password'.</msg>
<msg time="2025-03-07T14:50:30.016457" level="INFO">Temporally setting log level to: NONE</msg>
<arg>${Password_id}</arg>
<arg>${password}</arg>
<doc>Types the given password into the text field identified by ``locator``.</doc>
<status status="PASS" start="2025-03-07T14:50:29.995459" elapsed="0.048999"/>
</kw>
<kw name="Click Button" owner="SeleniumLibrary">
<msg time="2025-03-07T14:50:30.045458" level="INFO">Clicking button 'id:signInBtn'.</msg>
<arg>${Login_Button_id}</arg>
<doc>Clicks the button identified by ``locator``.</doc>
<status status="PASS" start="2025-03-07T14:50:30.045458" elapsed="0.057001"/>
</kw>
<arg>${username}</arg>
<arg>${invalid_password}</arg>
<status status="PASS" start="2025-03-07T14:50:29.910459" elapsed="0.192000"/>
</kw>
<kw name="Wait Until Element is Located in the Page">
<kw name="Wait Until Element Is Visible" owner="SeleniumLibrary">
<arg>${Page_Element}</arg>
<doc>Waits until the element ``locator`` is visible.</doc>
<status status="PASS" start="2025-03-07T14:50:30.103460" elapsed="3.624987"/>
</kw>
<arg>css:.nav-link</arg>
<status status="PASS" start="2025-03-07T14:50:30.102459" elapsed="3.625988"/>
</kw>
<kw name="Verify Card Titles in the Shop Page">
<kw name="Create List" owner="BuiltIn">
<msg time="2025-03-07T14:50:33.729447" level="INFO">@{expectedList} = [ iphone X | Samsung Note 8 | Nokia Edge | Blackberry ]</msg>
<var>@{expectedList}</var>
<arg>iphone X</arg>
<arg>Samsung Note 8</arg>
<arg>Nokia Edge</arg>
<arg>Blackberry</arg>
<doc>Returns a list containing given items.</doc>
<status status="PASS" start="2025-03-07T14:50:33.728447" elapsed="0.001000"/>
</kw>
<kw name="Get WebElements" owner="SeleniumLibrary">
<msg time="2025-03-07T14:50:33.737446" level="INFO">@{elements} = [ &lt;selenium.webdriver.remote.webelement.WebElement (session="3d043be0649050dfedb71d2e2151b2a9", element="f.73117A107135BC7330D652745864AFAD.d.16D7E5128AFD8FC08E3DE140FA13187C.e.57")&gt; | &lt;selenium.webdr...</msg>
<var>@{elements}</var>
<arg>css:.card-title</arg>
<doc>Returns a list of WebElement objects matching the ``locator``.</doc>
<status status="PASS" start="2025-03-07T14:50:33.729447" elapsed="0.007999"/>
</kw>
<kw name="Create List" owner="BuiltIn">
<msg time="2025-03-07T14:50:33.737446" level="INFO">@{actualList} = [ ]</msg>
<var>@{actualList}</var>
<doc>Returns a list containing given items.</doc>
<status status="PASS" start="2025-03-07T14:50:33.737446" elapsed="0.000000"/>
</kw>
<for flavor="IN">
<iter>
<kw name="Log" owner="BuiltIn">
<msg time="2025-03-07T14:50:33.747445" level="INFO">iphone X</msg>
<arg>${element.text}</arg>
<doc>Logs the given message with the given level.</doc>
<status status="PASS" start="2025-03-07T14:50:33.737446" elapsed="0.009999"/>
</kw>
<kw name="Append To List" owner="Collections">
<arg>${actualList}</arg>
<arg>${element.text}</arg>
<doc>Adds ``values`` to the end of ``list``.</doc>
<status status="PASS" start="2025-03-07T14:50:33.748446" elapsed="0.006001"/>
</kw>
<var name="${element}">&lt;selenium.webdriver.remote.webelement.WebElement (session="3d043be0649050dfedb71d2e2151b2a9", element="f.73117A107135BC7330D652745864AFAD.d.16D7E5128AFD8FC08E3DE140FA13187C.e.57")&gt;</var>
<status status="PASS" start="2025-03-07T14:50:33.737446" elapsed="0.017001"/>
</iter>
<iter>
<kw name="Log" owner="BuiltIn">
<msg time="2025-03-07T14:50:33.759960" level="INFO">Samsung Note 8</msg>
<arg>${element.text}</arg>
<doc>Logs the given message with the given level.</doc>
<status status="PASS" start="2025-03-07T14:50:33.754447" elapsed="0.005513"/>
</kw>
<kw name="Append To List" owner="Collections">
<arg>${actualList}</arg>
<arg>${element.text}</arg>
<doc>Adds ``values`` to the end of ``list``.</doc>
<status status="PASS" start="2025-03-07T14:50:33.759960" elapsed="0.005000"/>
</kw>
<var name="${element}">&lt;selenium.webdriver.remote.webelement.WebElement (session="3d043be0649050dfedb71d2e2151b2a9", element="f.73117A107135BC7330D652745864AFAD.d.16D7E5128AFD8FC08E3DE140FA13187C.e.58")&gt;</var>
<status status="PASS" start="2025-03-07T14:50:33.754447" elapsed="0.010513"/>
</iter>
<iter>
<kw name="Log" owner="BuiltIn">
<msg time="2025-03-07T14:50:33.769961" level="INFO">Nokia Edge</msg>
<arg>${element.text}</arg>
<doc>Logs the given message with the given level.</doc>
<status status="PASS" start="2025-03-07T14:50:33.764960" elapsed="0.005001"/>
</kw>
<kw name="Append To List" owner="Collections">
<arg>${actualList}</arg>
<arg>${element.text}</arg>
<doc>Adds ``values`` to the end of ``list``.</doc>
<status status="PASS" start="2025-03-07T14:50:33.769961" elapsed="0.004999"/>
</kw>
<var name="${element}">&lt;selenium.webdriver.remote.webelement.WebElement (session="3d043be0649050dfedb71d2e2151b2a9", element="f.73117A107135BC7330D652745864AFAD.d.16D7E5128AFD8FC08E3DE140FA13187C.e.59")&gt;</var>
<status status="PASS" start="2025-03-07T14:50:33.764960" elapsed="0.010000"/>
</iter>
<iter>
<kw name="Log" owner="BuiltIn">
<msg time="2025-03-07T14:50:33.779960" level="INFO">Blackberry</msg>
<arg>${element.text}</arg>
<doc>Logs the given message with the given level.</doc>
<status status="PASS" start="2025-03-07T14:50:33.774960" elapsed="0.005000"/>
</kw>
<kw name="Append To List" owner="Collections">
<arg>${actualList}</arg>
<arg>${element.text}</arg>
<doc>Adds ``values`` to the end of ``list``.</doc>
<status status="PASS" start="2025-03-07T14:50:33.779960" elapsed="0.005000"/>
</kw>
<var name="${element}">&lt;selenium.webdriver.remote.webelement.WebElement (session="3d043be0649050dfedb71d2e2151b2a9", element="f.73117A107135BC7330D652745864AFAD.d.16D7E5128AFD8FC08E3DE140FA13187C.e.60")&gt;</var>
<status status="PASS" start="2025-03-07T14:50:33.774960" elapsed="0.010000"/>
</iter>
<var>${element}</var>
<value>@{elements}</value>
<status status="PASS" start="2025-03-07T14:50:33.737446" elapsed="0.047514"/>
</for>
<kw name="Lists Should Be Equal" owner="Collections">
<arg>${expectedList}</arg>
<arg>${actualList}</arg>
<doc>Fails if given lists are unequal.</doc>
<status status="PASS" start="2025-03-07T14:50:33.784960" elapsed="0.000000"/>
</kw>
<status status="PASS" start="2025-03-07T14:50:33.728447" elapsed="0.056513"/>
</kw>
<kw name="Select the Card">
<kw name="Get WebElements" owner="SeleniumLibrary">
<msg time="2025-03-07T14:50:33.789960" level="INFO">@{elements} = [ &lt;selenium.webdriver.remote.webelement.WebElement (session="3d043be0649050dfedb71d2e2151b2a9", element="f.73117A107135BC7330D652745864AFAD.d.16D7E5128AFD8FC08E3DE140FA13187C.e.57")&gt; | &lt;selenium.webdr...</msg>
<var>@{elements}</var>
<arg>css:.card-title</arg>
<doc>Returns a list of WebElement objects matching the ``locator``.</doc>
<status status="PASS" start="2025-03-07T14:50:33.784960" elapsed="0.005000"/>
</kw>
<kw name="Set Variable" owner="BuiltIn">
<msg time="2025-03-07T14:50:33.789960" level="INFO">${index} = 1</msg>
<var>${index}</var>
<arg>1</arg>
<doc>Returns the given values which can then be assigned to a variables.</doc>
<status status="PASS" start="2025-03-07T14:50:33.789960" elapsed="0.000000"/>
</kw>
<for flavor="IN">
<iter>
<kw name="Exit For Loop If" owner="BuiltIn">
<arg>'${cardName}' == '${element.text}'</arg>
<doc>Stops executing the enclosing FOR loop if the ``condition`` is true.</doc>
<status status="PASS" start="2025-03-07T14:50:33.789960" elapsed="0.004998"/>
</kw>
<kw name="Evaluate" owner="BuiltIn">
<msg time="2025-03-07T14:50:33.795960" level="INFO">${index} = 2</msg>
<var>${index}</var>
<arg>${index} + 1</arg>
<doc>Evaluates the given expression in Python and returns the result.</doc>
<status status="PASS" start="2025-03-07T14:50:33.794958" elapsed="0.001002"/>
</kw>
<var name="${element}">&lt;selenium.webdriver.remote.webelement.WebElement (session="3d043be0649050dfedb71d2e2151b2a9", element="f.73117A107135BC7330D652745864AFAD.d.16D7E5128AFD8FC08E3DE140FA13187C.e.57")&gt;</var>
<status status="PASS" start="2025-03-07T14:50:33.789960" elapsed="0.006000"/>
</iter>
<iter>
<kw name="Exit For Loop If" owner="BuiltIn">
<arg>'${cardName}' == '${element.text}'</arg>
<doc>Stops executing the enclosing FOR loop if the ``condition`` is true.</doc>
<status status="PASS" start="2025-03-07T14:50:33.795960" elapsed="0.005000"/>
</kw>
<kw name="Evaluate" owner="BuiltIn">
<msg time="2025-03-07T14:50:33.800960" level="INFO">${index} = 3</msg>
<var>${index}</var>
<arg>${index} + 1</arg>
<doc>Evaluates the given expression in Python and returns the result.</doc>
<status status="PASS" start="2025-03-07T14:50:33.800960" elapsed="0.000000"/>
</kw>
<var name="${element}">&lt;selenium.webdriver.remote.webelement.WebElement (session="3d043be0649050dfedb71d2e2151b2a9", element="f.73117A107135BC7330D652745864AFAD.d.16D7E5128AFD8FC08E3DE140FA13187C.e.58")&gt;</var>
<status status="PASS" start="2025-03-07T14:50:33.795960" elapsed="0.005000"/>
</iter>
<iter>
<kw name="Exit For Loop If" owner="BuiltIn">
<msg time="2025-03-07T14:50:33.805961" level="INFO">Exiting for loop altogether.</msg>
<arg>'${cardName}' == '${element.text}'</arg>
<doc>Stops executing the enclosing FOR loop if the ``condition`` is true.</doc>
<status status="PASS" start="2025-03-07T14:50:33.800960" elapsed="0.005001"/>
</kw>
<kw name="Evaluate" owner="BuiltIn">
<var>${index}</var>
<arg>${index} + 1</arg>
<doc>Evaluates the given expression in Python and returns the result.</doc>
<status status="NOT RUN" start="2025-03-07T14:50:33.805961" elapsed="0.000000"/>
</kw>
<var name="${element}">&lt;selenium.webdriver.remote.webelement.WebElement (session="3d043be0649050dfedb71d2e2151b2a9", element="f.73117A107135BC7330D652745864AFAD.d.16D7E5128AFD8FC08E3DE140FA13187C.e.59")&gt;</var>
<status status="PASS" start="2025-03-07T14:50:33.800960" elapsed="0.005001"/>
</iter>
<var>${element}</var>
<value>@{elements}</value>
<status status="PASS" start="2025-03-07T14:50:33.789960" elapsed="0.016001"/>
</for>
<kw name="Click Button" owner="SeleniumLibrary">
<msg time="2025-03-07T14:50:33.805961" level="INFO">Clicking button 'xpath:(//*[@class='card-footer'])[3]/button'.</msg>
<arg>xpath:(//*[@class='card-footer'])[${index}]/button</arg>
<doc>Clicks the button identified by ``locator``.</doc>
<status status="PASS" start="2025-03-07T14:50:33.805961" elapsed="0.056999"/>
</kw>
<arg>Nokia Edge</arg>
<status status="PASS" start="2025-03-07T14:50:33.784960" elapsed="0.078000"/>
</kw>
<kw name="Close Browser Session" owner="Generic" type="TEARDOWN">
<kw name="Close Browser" owner="SeleniumLibrary">
<doc>Closes the current browser.</doc>
<status status="PASS" start="2025-03-07T14:50:33.862960" elapsed="2.114403"/>
</kw>
<status status="PASS" start="2025-03-07T14:50:33.862960" elapsed="2.114403"/>
</kw>
<status status="PASS" start="2025-03-07T14:50:27.948272" elapsed="8.029091"/>
</test>
<test id="s1-s1-s2-t2" name="Select the Form and Navigate to Child Window" line="27">
<kw name="Open the browser with the Mortgage payment url" owner="Generic" type="SETUP">
<kw name="Open Browser" owner="SeleniumLibrary">
<msg time="2025-03-07T14:50:35.978363" level="INFO">Opening browser 'chrome' to base url 'https://rahulshettyacademy.com/loginpagePractise/'.</msg>
<arg>${url}</arg>
<arg>${browser}</arg>
<doc>Opens a new browser instance to the optional ``url``.</doc>
<status status="PASS" start="2025-03-07T14:50:35.978363" elapsed="1.939740"/>
</kw>
<status status="PASS" start="2025-03-07T14:50:35.978363" elapsed="1.939740"/>
</kw>
<kw name="Fill the Login Details and Select the User Option">
<kw name="Input Text" owner="SeleniumLibrary">
<msg time="2025-03-07T14:50:37.918103" level="INFO">Typing text 'rahulshettyacademy' into text field 'id:username'.</msg>
<arg>id:username</arg>
<arg>rahulshettyacademy</arg>
<doc>Types the given ``text`` into the text field identified by ``locator``.</doc>
<status status="PASS" start="2025-03-07T14:50:37.918103" elapsed="0.079998"/>
</kw>
<kw name="Input Password" owner="SeleniumLibrary">
<msg time="2025-03-07T14:50:37.998101" level="INFO">Typing password into text field 'id:password'.</msg>
<msg time="2025-03-07T14:50:38.020098" level="INFO">Temporally setting log level to: NONE</msg>
<arg>id:password</arg>
<arg>learning</arg>
<doc>Types the given password into the text field identified by ``locator``.</doc>
<status status="PASS" start="2025-03-07T14:50:37.998101" elapsed="0.049001"/>
</kw>
<kw name="Click Element" owner="SeleniumLibrary">
<msg time="2025-03-07T14:50:38.047102" level="INFO">Clicking element 'css:input[value='user']'.</msg>
<arg>css:input[value='user']</arg>
<doc>Click the element identified by ``locator``.</doc>
<status status="PASS" start="2025-03-07T14:50:38.047102" elapsed="0.051998"/>
</kw>
<kw name="Wait Until Element Is Visible" owner="SeleniumLibrary">
<arg>css:.modal-body</arg>
<doc>Waits until the element ``locator`` is visible.</doc>
<status status="PASS" start="2025-03-07T14:50:38.099100" elapsed="0.225795"/>
</kw>
<kw name="Click Element" owner="SeleniumLibrary">
<msg time="2025-03-07T14:50:38.324895" level="INFO">Clicking element 'id:okayBtn'.</msg>
<arg>id:okayBtn</arg>
<doc>Click the element identified by ``locator``.</doc>
<status status="PASS" start="2025-03-07T14:50:38.324895" elapsed="0.043004"/>
</kw>
<kw name="Click Element" owner="SeleniumLibrary">
<msg time="2025-03-07T14:50:38.368898" level="INFO">Clicking element 'id:okayBtn'.</msg>
<arg>id:okayBtn</arg>
<doc>Click the element identified by ``locator``.</doc>
<status status="PASS" start="2025-03-07T14:50:38.367899" elapsed="0.037998"/>
</kw>
<kw name="Wait Until Element Is Visible" owner="SeleniumLibrary">
<arg>css:.modal-body</arg>
<doc>Waits until the element ``locator`` is visible.</doc>
<status status="PASS" start="2025-03-07T14:50:38.405897" elapsed="0.008001"/>
</kw>
<kw name="Select From List By Value" owner="SeleniumLibrary">
<msg time="2025-03-07T14:50:38.413898" level="INFO">Selecting options from selection list 'css:select.form-control' by value teach.</msg>
<arg>css:select.form-control</arg>
<arg>teach</arg>
<doc>Selects options from selection list ``locator`` by ``values``.</doc>
<status status="PASS" start="2025-03-07T14:50:38.413898" elapsed="0.051997"/>
</kw>
<kw name="Select Checkbox" owner="SeleniumLibrary">
<msg time="2025-03-07T14:50:38.466896" level="INFO">Selecting checkbox 'id:terms'.</msg>
<msg time="2025-03-07T14:50:39.803081" level="INFO" html="true">&lt;/td&gt;&lt;/tr&gt;&lt;tr&gt;&lt;td colspan="3"&gt;&lt;a href="selenium-screenshot-1.png"&gt;&lt;img src="selenium-screenshot-1.png" width="800px"&gt;&lt;/a&gt;</msg>
<msg time="2025-03-07T14:50:39.803081" level="FAIL">ElementClickInterceptedException: Message: element click intercepted: Element &lt;input id="terms" name="terms" type="checkbox"&gt; is not clickable at point (616, 487). Other element would receive the click: &lt;div id="myModal" class="modal fade show" style="display: block;"&gt;...&lt;/div&gt;
  (Session info: chrome=133.0.6943.142)
Stacktrace:
	GetHandleVerifier [0x00007FF6311CC6A5+28789]
	(No symbol) [0x00007FF631135B20]
	(No symbol) [0x00007FF630FC8F9A]
	(No symbol) [0x00007FF6310271E9]
	(No symbol) [0x00007FF631024BA2]
	(No symbol) [0x00007FF631021C51]
	(No symbol) [0x00007FF631020B51]
	(No symbol) [0x00007FF631012314]
	(No symbol) [0x00007FF63104732A]
	(No symbol) [0x00007FF631011BC6]
	(No symbol) [0x00007FF631047540]
	(No symbol) [0x00007FF63106F7E3]
	(No symbol) [0x00007FF631047103]
	(No symbol) [0x00007FF63100FFC0]
	(No symbol) [0x00007FF631011273]
	GetHandleVerifier [0x00007FF631511AED+3458237]
	GetHandleVerifier [0x00007FF63152829C+3550316]
	GetHandleVerifier [0x00007FF63151DB9D+3507565]
	GetHandleVerifier [0x00007FF631292C6A+841274]
	(No symbol) [0x00007FF6311409EF]
	(No symbol) [0x00007FF63113CB34]
	(No symbol) [0x00007FF63113CCD6]
	(No symbol) [0x00007FF63112C119]
	BaseThreadInitThunk [0x00007FFFFB377374+20]
	RtlUserThreadStart [0x00007FFFFB4BCC91+33]
</msg>
<arg>id:terms</arg>
<doc>Selects the checkbox identified by ``locator``.</doc>
<status status="FAIL" start="2025-03-07T14:50:38.465895" elapsed="1.359939">ElementClickInterceptedException: Message: element click intercepted: Element &lt;input id="terms" name="terms" type="checkbox"&gt; is not clickable at point (616, 487). Other element would receive the click: &lt;div id="myModal" class="modal fade show" style="display: block;"&gt;...&lt;/div&gt;
  (Session info: chrome=133.0.6943.142)
Stacktrace:
	GetHandleVerifier [0x00007FF6311CC6A5+28789]
	(No symbol) [0x00007FF631135B20]
	(No symbol) [0x00007FF630FC8F9A]
	(No symbol) [0x00007FF6310271E9]
	(No symbol) [0x00007FF631024BA2]
	(No symbol) [0x00007FF631021C51]
	(No symbol) [0x00007FF631020B51]
	(No symbol) [0x00007FF631012314]
	(No symbol) [0x00007FF63104732A]
	(No symbol) [0x00007FF631011BC6]
	(No symbol) [0x00007FF631047540]
	(No symbol) [0x00007FF63106F7E3]
	(No symbol) [0x00007FF631047103]
	(No symbol) [0x00007FF63100FFC0]
	(No symbol) [0x00007FF631011273]
	GetHandleVerifier [0x00007FF631511AED+3458237]
	GetHandleVerifier [0x00007FF63152829C+3550316]
	GetHandleVerifier [0x00007FF63151DB9D+3507565]
	GetHandleVerifier [0x00007FF631292C6A+841274]
	(No symbol) [0x00007FF6311409EF]
	(No symbol) [0x00007FF63113CB34]
	(No symbol) [0x00007FF63113CCD6]
	(No symbol) [0x00007FF63112C119]
	BaseThreadInitThunk [0x00007FFFFB377374+20]
	RtlUserThreadStart [0x00007FFFFB4BCC91+33]
</status>
</kw>
<kw name="Checkbox Should Be Selected" owner="SeleniumLibrary">
<arg>id:terms</arg>
<doc>Verifies checkbox ``locator`` is selected/checked.</doc>
<status status="NOT RUN" start="2025-03-07T14:50:39.825834" elapsed="0.000000"/>
</kw>
<status status="FAIL" start="2025-03-07T14:50:37.918103" elapsed="1.907731">ElementClickInterceptedException: Message: element click intercepted: Element &lt;input id="terms" name="terms" type="checkbox"&gt; is not clickable at point (616, 487). Other element would receive the click: &lt;div id="myModal" class="modal fade show" style="display: block;"&gt;...&lt;/div&gt;
  (Session info: chrome=133.0.6943.142)
Stacktrace:
	GetHandleVerifier [0x00007FF6311CC6A5+28789]
	(No symbol) [0x00007FF631135B20]
	(No symbol) [0x00007FF630FC8F9A]
	(No symbol) [0x00007FF6310271E9]
	(No symbol) [0x00007FF631024BA2]
	(No symbol) [0x00007FF631021C51]
	(No symbol) [0x00007FF631020B51]
	(No symbol) [0x00007FF631012314]
	(No symbol) [0x00007FF63104732A]
	(No symbol) [0x00007FF631011BC6]
	(No symbol) [0x00007FF631047540]
	(No symbol) [0x00007FF63106F7E3]
	(No symbol) [0x00007FF631047103]
	(No symbol) [0x00007FF63100FFC0]
	(No symbol) [0x00007FF631011273]
	GetHandleVerifier [0x00007FF631511AED+3458237]
	GetHandleVerifier [0x00007FF63152829C+3550316]
	GetHandleVerifier [0x00007FF63151DB9D+3507565]
	GetHandleVerifier [0x00007FF631292C6A+841274]
	(No symbol) [0x00007FF6311409EF]
	(No symbol) [0x00007FF63113CB34]
	(No symbol) [0x00007FF63113CCD6]
	(No symbol) [0x00007FF63112C119]
	BaseThreadInitThunk [0x00007FFFFB377374+20]
	RtlUserThreadStart [0x00007FFFFB4BCC91+33]
</status>
</kw>
<kw name="Close Browser Session" owner="Generic" type="TEARDOWN">
<kw name="Close Browser" owner="SeleniumLibrary">
<doc>Closes the current browser.</doc>
<status status="PASS" start="2025-03-07T14:50:39.826834" elapsed="3.642903"/>
</kw>
<status status="PASS" start="2025-03-07T14:50:39.826834" elapsed="3.642903"/>
</kw>
<status status="FAIL" start="2025-03-07T14:50:35.978363" elapsed="7.491374">ElementClickInterceptedException: Message: element click intercepted: Element &lt;input id="terms" name="terms" type="checkbox"&gt; is not clickable at point (616, 487). Other element would receive the click: &lt;div id="myModal" class="modal fade show" style="display: block;"&gt;...&lt;/div&gt;
  (Session info: chrome=133.0.6943.142)
Stacktrace:
	GetHandleVerifier [0x00007FF6311CC6A5+28789]
	(No symbol) [0x00007FF631135B20]
	(No symbol) [0x00007FF630FC8F9A]
	(No symbol) [0x00007FF6310271E9]
	(No symbol) [0x00007FF631024BA2]
	(No symbol) [0x00007FF631021C51]
	(No symbol) [0x00007FF631020B51]
	(No symbol) [0x00007FF631012314]
	(No symbol) [0x00007FF63104732A]
	(No symbol) [0x00007FF631011BC6]
	(No symbol) [0x00007FF631047540]
	(No symbol) [0x00007FF63106F7E3]
	(No symbol) [0x00007FF631047103]
	(No symbol) [0x00007FF63100FFC0]
	(No symbol) [0x00007FF631011273]
	GetHandleVerifier [0x00007FF631511AED+3458237]
	GetHandleVerifier [0x00007FF63152829C+3550316]
	GetHandleVerifier [0x00007FF63151DB9D+3507565]
	GetHandleVerifier [0x00007FF631292C6A+841274]
	(No symbol) [0x00007FF6311409EF]
	(No symbol) [0x00007FF63113CB34]
	(No symbol) [0x00007FF63113CCD6]
	(No symbol) [0x00007FF63112C119]
	BaseThreadInitThunk [0x00007FFFFB377374+20]
	RtlUserThreadStart [0x00007FFFFB4BCC91+33]
</status>
</test>
<doc>To validate Login Form</doc>
<status status="FAIL" start="2025-03-07T14:50:27.929417" elapsed="15.543326"/>
</suite>
<suite id="s1-s1-s3" name="testDemo3" source="C:\Users\skarz\Documents\_IMPORTANT\PYTHON\Testing\RobotFramework\test_demo_files\testDemo3.robot">
<test id="s1-s1-s3-t1" name="Validate Child Window Functionality" line="18">
<kw name="Open the browser with the Mortgage payment url" owner="Generic" type="SETUP">
<kw name="Open Browser" owner="SeleniumLibrary">
<msg time="2025-03-07T14:50:43.486744" level="INFO">Opening browser 'chrome' to base url 'https://rahulshettyacademy.com/loginpagePractise/'.</msg>
<arg>${url}</arg>
<arg>${browser}</arg>
<doc>Opens a new browser instance to the optional ``url``.</doc>
<status status="PASS" start="2025-03-07T14:50:43.486744" elapsed="1.908009"/>
</kw>
<status status="PASS" start="2025-03-07T14:50:43.486744" elapsed="1.908009"/>
</kw>
<kw name="Select the Link of Child Window">
<kw name="Click Element" owner="SeleniumLibrary">
<msg time="2025-03-07T14:50:45.395754" level="INFO">Clicking element 'css:.blinkingText'.</msg>
<arg>css:.blinkingText</arg>
<doc>Click the element identified by ``locator``.</doc>
<status status="PASS" start="2025-03-07T14:50:45.395754" elapsed="0.065998"/>
</kw>
<kw name="Sleep" owner="BuiltIn">
<msg time="2025-03-07T14:50:50.461996" level="INFO">Slept 5 seconds.</msg>
<arg>5s</arg>
<doc>Pauses the test executed for the given time.</doc>
<status status="PASS" start="2025-03-07T14:50:45.461752" elapsed="5.000244"/>
</kw>
<status status="PASS" start="2025-03-07T14:50:45.395754" elapsed="5.066242"/>
</kw>
<kw name="Verify the User is Switched to Child Window">
<kw name="Switch Window" owner="SeleniumLibrary">
<arg>NEW</arg>
<doc>Switches to browser window matching ``locator``.</doc>
<status status="PASS" start="2025-03-07T14:50:50.461996" elapsed="0.007003"/>
</kw>
<kw name="Element Text Should Be" owner="SeleniumLibrary">
<msg time="2025-03-07T14:50:50.468999" level="INFO">Verifying element 'css:h1' contains exact text 'DOCUMENTS REQUEST'.</msg>
<arg>css:h1</arg>
<arg>DOCUMENTS REQUEST</arg>
<doc>Verifies that element ``locator`` contains exact the text ``expected``.</doc>
<status status="PASS" start="2025-03-07T14:50:50.468999" elapsed="0.019524"/>
</kw>
<status status="PASS" start="2025-03-07T14:50:50.461996" elapsed="0.026527"/>
</kw>
<kw name="Grab the Email ID in the Child Window">
<kw name="Get Text" owner="SeleniumLibrary">
<msg time="2025-03-07T14:50:50.500531" level="INFO">${text} = Please email us at mentor@rahulshettyacademy.com with below template to receive response</msg>
<var>${text}</var>
<arg>css:.red</arg>
<doc>Returns the text value of the element identified by ``locator``.</doc>
<status status="PASS" start="2025-03-07T14:50:50.488523" elapsed="0.012008"/>
</kw>
<kw name="Split String" owner="String">
<msg time="2025-03-07T14:50:50.501533" level="INFO">${words} = ['Please', 'email', 'us', 'at', 'mentor@rahulshettyacademy.com', 'with', 'below', 'template', 'to', 'receive', 'response']</msg>
<var>${words}</var>
<arg>${text}</arg>
<doc>Splits the ``string`` using ``separator`` as a delimiter string.</doc>
<status status="PASS" start="2025-03-07T14:50:50.500531" elapsed="0.001002"/>
</kw>
<kw name="Get From List" owner="Collections">
<msg time="2025-03-07T14:50:50.501533" level="INFO">${emailNeeded} = mentor@rahulshettyacademy.com</msg>
<var>${emailNeeded}</var>
<arg>${words}</arg>
<arg>4</arg>
<doc>Returns the value specified with an ``index`` from ``list``.</doc>
<status status="PASS" start="2025-03-07T14:50:50.501533" elapsed="0.000000"/>
</kw>
<kw name="Log" owner="BuiltIn">
<msg time="2025-03-07T14:50:50.501533" level="INFO">mentor@rahulshettyacademy.com</msg>
<arg>${emailNeeded}</arg>
<doc>Logs the given message with the given level.</doc>
<status status="PASS" start="2025-03-07T14:50:50.501533" elapsed="0.000000"/>
</kw>
<kw name="Set Global Variable" owner="BuiltIn">
<msg time="2025-03-07T14:50:50.501533" level="INFO">${emailNeeded} = mentor@rahulshettyacademy.com</msg>
<arg>${emailNeeded}</arg>
<doc>Makes a variable available globally in all tests and suites.</doc>
<status status="PASS" start="2025-03-07T14:50:50.501533" elapsed="0.000000"/>
</kw>
<status status="PASS" start="2025-03-07T14:50:50.488523" elapsed="0.013010"/>
</kw>
<kw name="Switch To Parent Window and Enter the Email ID">
<kw name="Switch Window" owner="SeleniumLibrary">
<arg>MAIN</arg>
<doc>Switches to browser window matching ``locator``.</doc>
<status status="PASS" start="2025-03-07T14:50:50.502532" elapsed="0.006999"/>
</kw>
<kw name="Title Should Be" owner="SeleniumLibrary">
<msg time="2025-03-07T14:50:50.515533" level="INFO">Page title is 'LoginPage Practise | Rahul Shetty Academy'.</msg>
<arg>LoginPage Practise | Rahul Shetty Academy</arg>
<doc>Verifies that the current page title equals ``title``.</doc>
<status status="PASS" start="2025-03-07T14:50:50.510531" elapsed="0.005002"/>
</kw>
<kw name="Sleep" owner="BuiltIn">
<msg time="2025-03-07T14:50:52.515566" level="INFO">Slept 2 seconds.</msg>
<arg>2s</arg>
<doc>Pauses the test executed for the given time.</doc>
<status status="PASS" start="2025-03-07T14:50:50.515533" elapsed="2.000033"/>
</kw>
<kw name="Input Text" owner="SeleniumLibrary">
<msg time="2025-03-07T14:50:52.515566" level="INFO">Typing text 'mentor@rahulshettyacademy.com' into text field 'id:username'.</msg>
<arg>id:username</arg>
<arg>${emailNeeded}</arg>
<doc>Types the given ``text`` into the text field identified by ``locator``.</doc>
<status status="PASS" start="2025-03-07T14:50:52.515566" elapsed="0.077905"/>
</kw>
<kw name="Sleep" owner="BuiltIn">
<msg time="2025-03-07T14:50:57.593492" level="INFO">Slept 5 seconds.</msg>
<arg>5s</arg>
<doc>Pauses the test executed for the given time.</doc>
<status status="PASS" start="2025-03-07T14:50:52.593471" elapsed="5.000021"/>
</kw>
<status status="PASS" start="2025-03-07T14:50:50.501533" elapsed="7.091959"/>
</kw>
<kw name="Close Browser Session" owner="Generic" type="TEARDOWN">
<kw name="Close Browser" owner="SeleniumLibrary">
<doc>Closes the current browser.</doc>
<status status="PASS" start="2025-03-07T14:50:57.593492" elapsed="2.116943"/>
</kw>
<status status="PASS" start="2025-03-07T14:50:57.593492" elapsed="2.116943"/>
</kw>
<status status="PASS" start="2025-03-07T14:50:43.486744" elapsed="16.223691"/>
</test>
<doc>Use 'TAB' on the beginning of the values
Test To validate Login Form *Description of the Test Case*
To run test: 'python -m robot -filename-'</doc>
<status status="PASS" start="2025-03-07T14:50:43.473744" elapsed="16.237699"/>
</suite>
<suite id="s1-s1-s4" name="testDemo4" source="C:\Users\skarz\Documents\_IMPORTANT\PYTHON\Testing\RobotFramework\test_demo_files\testDemo4.robot">
<test id="s1-s1-s4-t1" name="Invalid Username" line="17">
<kw name="Validate UnSuccessful Login">
<kw name="Open the browser with the Mortgage payment url">
<kw name="Open Browser" owner="SeleniumLibrary">
<msg time="2025-03-07T14:50:59.717736" level="INFO">Opening browser 'chrome' to base url 'https://rahulshettyacademy.com/loginpagePractise/'.</msg>
<arg>${url}</arg>
<arg>${browser}</arg>
<doc>Opens a new browser instance to the optional ``url``.</doc>
<status status="PASS" start="2025-03-07T14:50:59.717736" elapsed="2.258062"/>
</kw>
<status status="PASS" start="2025-03-07T14:50:59.717736" elapsed="2.258062"/>
</kw>
<kw name="Fill the login Form">
<kw name="Sleep" owner="BuiltIn">
<msg time="2025-03-07T14:51:03.976988" level="INFO">Slept 2 seconds.</msg>
<arg>2s</arg>
<doc>Pauses the test executed for the given time.</doc>
<status status="PASS" start="2025-03-07T14:51:01.976798" elapsed="2.000190"/>
</kw>
<kw name="Input Text" owner="SeleniumLibrary">
<msg time="2025-03-07T14:51:03.976988" level="INFO">Typing text 'abcd' into text field 'id:username'.</msg>
<arg>${Login_id}</arg>
<arg>${username}</arg>
<doc>Types the given ``text`` into the text field identified by ``locator``.</doc>
<status status="PASS" start="2025-03-07T14:51:03.976988" elapsed="0.073224"/>
</kw>
<kw name="Input Password" owner="SeleniumLibrary">
<msg time="2025-03-07T14:51:04.050212" level="INFO">Typing password into text field 'id:password'.</msg>
<msg time="2025-03-07T14:51:04.072212" level="INFO">Temporally setting log level to: NONE</msg>
<arg>${Password_id}</arg>
<arg>${password}</arg>
<doc>Types the given password into the text field identified by ``locator``.</doc>
<status status="PASS" start="2025-03-07T14:51:04.050212" elapsed="0.050999"/>
</kw>
<kw name="Click Button" owner="SeleniumLibrary">
<msg time="2025-03-07T14:51:04.102211" level="INFO">Clicking button 'id:signInBtn'.</msg>
<arg>${Login_Button_id}</arg>
<doc>Clicks the button identified by ``locator``.</doc>
<status status="PASS" start="2025-03-07T14:51:04.101211" elapsed="0.053001"/>
</kw>
<arg>${username}</arg>
<arg>${password}</arg>
<status status="PASS" start="2025-03-07T14:51:01.975798" elapsed="2.178414"/>
</kw>
<kw name="Wait until it checks the login or error message">
<kw name="Wait Until Element Is Visible" owner="SeleniumLibrary">
<arg>${Error_Message_Login}</arg>
<doc>Waits until the element ``locator`` is visible.</doc>
<status status="PASS" start="2025-03-07T14:51:04.155212" elapsed="2.096643"/>
</kw>
<status status="PASS" start="2025-03-07T14:51:04.154212" elapsed="2.097643"/>
</kw>
<kw name="Verify error message">
<kw name="Get Text" owner="SeleniumLibrary">
<msg time="2025-03-07T14:51:06.265854" level="INFO">${result} = Incorrect username/password.</msg>
<var>${result}</var>
<arg>${Error_Message_Login}</arg>
<doc>Returns the text value of the element identified by ``locator``.</doc>
<status status="PASS" start="2025-03-07T14:51:06.251855" elapsed="0.013999"/>
</kw>
<kw name="Should Be Equal As Strings" owner="BuiltIn">
<arg>${result}</arg>
<arg>Incorrect username/password.</arg>
<doc>Fails if objects are unequal after converting them to strings.</doc>
<status status="PASS" start="2025-03-07T14:51:06.265854" elapsed="0.000000"/>
</kw>
<status status="PASS" start="2025-03-07T14:51:06.251855" elapsed="0.013999"/>
</kw>
<arg>abcd</arg>
<arg>learning</arg>
<status status="PASS" start="2025-03-07T14:50:59.717736" elapsed="6.548118"/>
</kw>
<kw name="Close Browser Session" owner="Generic" type="TEARDOWN">
<kw name="Close Browser" owner="SeleniumLibrary">
<doc>Closes the current browser.</doc>
<status status="PASS" start="2025-03-07T14:51:06.266853" elapsed="2.089539"/>
</kw>
<status status="PASS" start="2025-03-07T14:51:06.265854" elapsed="2.090538"/>
</kw>
<status status="PASS" start="2025-03-07T14:50:59.716720" elapsed="8.639672"/>
</test>
<test id="s1-s1-s4-t2" name="Invalid Password" line="18">
<kw name="Validate UnSuccessful Login">
<kw name="Open the browser with the Mortgage payment url">
<kw name="Open Browser" owner="SeleniumLibrary">
<msg time="2025-03-07T14:51:08.358398" level="INFO">Opening browser 'chrome' to base url 'https://rahulshettyacademy.com/loginpagePractise/'.</msg>
<arg>${url}</arg>
<arg>${browser}</arg>
<doc>Opens a new browser instance to the optional ``url``.</doc>
<status status="PASS" start="2025-03-07T14:51:08.357397" elapsed="1.935836"/>
</kw>
<status status="PASS" start="2025-03-07T14:51:08.357397" elapsed="1.935836"/>
</kw>
<kw name="Fill the login Form">
<kw name="Sleep" owner="BuiltIn">
<msg time="2025-03-07T14:51:12.294892" level="INFO">Slept 2 seconds.</msg>
<arg>2s</arg>
<doc>Pauses the test executed for the given time.</doc>
<status status="PASS" start="2025-03-07T14:51:10.294231" elapsed="2.000661"/>
</kw>
<kw name="Input Text" owner="SeleniumLibrary">
<msg time="2025-03-07T14:51:12.294892" level="INFO">Typing text 'rahulshetty' into text field 'id:username'.</msg>
<arg>${Login_id}</arg>
<arg>${username}</arg>
<doc>Types the given ``text`` into the text field identified by ``locator``.</doc>
<status status="PASS" start="2025-03-07T14:51:12.294892" elapsed="0.076541"/>
</kw>
<kw name="Input Password" owner="SeleniumLibrary">
<msg time="2025-03-07T14:51:12.371433" level="INFO">Typing password into text field 'id:password'.</msg>
<msg time="2025-03-07T14:51:12.392435" level="INFO">Temporally setting log level to: NONE</msg>
<arg>${Password_id}</arg>
<arg>${password}</arg>
<doc>Types the given password into the text field identified by ``locator``.</doc>
<status status="PASS" start="2025-03-07T14:51:12.371433" elapsed="0.045001"/>
</kw>
<kw name="Click Button" owner="SeleniumLibrary">
<msg time="2025-03-07T14:51:12.416434" level="INFO">Clicking button 'id:signInBtn'.</msg>
<arg>${Login_Button_id}</arg>
<doc>Clicks the button identified by ``locator``.</doc>
<status status="PASS" start="2025-03-07T14:51:12.416434" elapsed="0.049998"/>
</kw>
<arg>${username}</arg>
<arg>${password}</arg>
<status status="PASS" start="2025-03-07T14:51:10.294231" elapsed="2.172201"/>
</kw>
<kw name="Wait until it checks the login or error message">
<kw name="Wait Until Element Is Visible" owner="SeleniumLibrary">
<arg>${Error_Message_Login}</arg>
<doc>Waits until the element ``locator`` is visible.</doc>
<status status="PASS" start="2025-03-07T14:51:12.466432" elapsed="2.095066"/>
</kw>
<status status="PASS" start="2025-03-07T14:51:12.466432" elapsed="2.095066"/>
</kw>
<kw name="Verify error message">
<kw name="Get Text" owner="SeleniumLibrary">
<msg time="2025-03-07T14:51:14.575491" level="INFO">${result} = Incorrect username/password.</msg>
<var>${result}</var>
<arg>${Error_Message_Login}</arg>
<doc>Returns the text value of the element identified by ``locator``.</doc>
<status status="PASS" start="2025-03-07T14:51:14.561498" elapsed="0.013993"/>
</kw>
<kw name="Should Be Equal As Strings" owner="BuiltIn">
<arg>${result}</arg>
<arg>Incorrect username/password.</arg>
<doc>Fails if objects are unequal after converting them to strings.</doc>
<status status="PASS" start="2025-03-07T14:51:14.575491" elapsed="0.000000"/>
</kw>
<status status="PASS" start="2025-03-07T14:51:14.561498" elapsed="0.013993"/>
</kw>
<arg>rahulshetty</arg>
<arg>abcd</arg>
<status status="PASS" start="2025-03-07T14:51:08.357397" elapsed="6.218094"/>
</kw>
<kw name="Close Browser Session" owner="Generic" type="TEARDOWN">
<kw name="Close Browser" owner="SeleniumLibrary">
<doc>Closes the current browser.</doc>
<status status="PASS" start="2025-03-07T14:51:14.576491" elapsed="2.104137"/>
</kw>
<status status="PASS" start="2025-03-07T14:51:14.576491" elapsed="2.104137"/>
</kw>
<status status="PASS" start="2025-03-07T14:51:08.357397" elapsed="8.323231"/>
</test>
<test id="s1-s1-s4-t3" name="Special Characters" line="19">
<kw name="Validate UnSuccessful Login">
<kw name="Open the browser with the Mortgage payment url">
<kw name="Open Browser" owner="SeleniumLibrary">
<msg time="2025-03-07T14:51:16.681626" level="INFO">Opening browser 'chrome' to base url 'https://rahulshettyacademy.com/loginpagePractise/'.</msg>
<arg>${url}</arg>
<arg>${browser}</arg>
<doc>Opens a new browser instance to the optional ``url``.</doc>
<status status="PASS" start="2025-03-07T14:51:16.681626" elapsed="1.923303"/>
</kw>
<status status="PASS" start="2025-03-07T14:51:16.681626" elapsed="1.923303"/>
</kw>
<kw name="Fill the login Form">
<kw name="Sleep" owner="BuiltIn">
<msg time="2025-03-07T14:51:20.605449" level="INFO">Slept 2 seconds.</msg>
<arg>2s</arg>
<doc>Pauses the test executed for the given time.</doc>
<status status="PASS" start="2025-03-07T14:51:18.604929" elapsed="2.000520"/>
</kw>
<kw name="Input Text" owner="SeleniumLibrary">
<msg time="2025-03-07T14:51:20.605449" level="INFO">Typing text '@#$' into text field 'id:username'.</msg>
<arg>${Login_id}</arg>
<arg>${username}</arg>
<doc>Types the given ``text`` into the text field identified by ``locator``.</doc>
<status status="PASS" start="2025-03-07T14:51:20.605449" elapsed="0.071217"/>
</kw>
<kw name="Input Password" owner="SeleniumLibrary">
<msg time="2025-03-07T14:51:20.677665" level="INFO">Typing password into text field 'id:password'.</msg>
<msg time="2025-03-07T14:51:20.697664" level="INFO">Temporally setting log level to: NONE</msg>
<arg>${Password_id}</arg>
<arg>${password}</arg>
<doc>Types the given password into the text field identified by ``locator``.</doc>
<status status="PASS" start="2025-03-07T14:51:20.676666" elapsed="0.046998"/>
</kw>
<kw name="Click Button" owner="SeleniumLibrary">
<msg time="2025-03-07T14:51:20.723664" level="INFO">Clicking button 'id:signInBtn'.</msg>
<arg>${Login_Button_id}</arg>
<doc>Clicks the button identified by ``locator``.</doc>
<status status="PASS" start="2025-03-07T14:51:20.723664" elapsed="0.050001"/>
</kw>
<arg>${username}</arg>
<arg>${password}</arg>
<status status="PASS" start="2025-03-07T14:51:18.604929" elapsed="2.168736"/>
</kw>
<kw name="Wait until it checks the login or error message">
<kw name="Wait Until Element Is Visible" owner="SeleniumLibrary">
<arg>${Error_Message_Login}</arg>
<doc>Waits until the element ``locator`` is visible.</doc>
<status status="PASS" start="2025-03-07T14:51:20.773665" elapsed="2.093808"/>
</kw>
<status status="PASS" start="2025-03-07T14:51:20.773665" elapsed="2.093808"/>
</kw>
<kw name="Verify error message">
<kw name="Get Text" owner="SeleniumLibrary">
<msg time="2025-03-07T14:51:22.881473" level="INFO">${result} = Incorrect username/password.</msg>
<var>${result}</var>
<arg>${Error_Message_Login}</arg>
<doc>Returns the text value of the element identified by ``locator``.</doc>
<status status="PASS" start="2025-03-07T14:51:22.867473" elapsed="0.014000"/>
</kw>
<kw name="Should Be Equal As Strings" owner="BuiltIn">
<arg>${result}</arg>
<arg>Incorrect username/password.</arg>
<doc>Fails if objects are unequal after converting them to strings.</doc>
<status status="PASS" start="2025-03-07T14:51:22.881473" elapsed="0.001004"/>
</kw>
<status status="PASS" start="2025-03-07T14:51:22.867473" elapsed="0.015004"/>
</kw>
<arg>@#$</arg>
<arg>learning</arg>
<status status="PASS" start="2025-03-07T14:51:16.681626" elapsed="6.200851"/>
</kw>
<kw name="Close Browser Session" owner="Generic" type="TEARDOWN">
<kw name="Close Browser" owner="SeleniumLibrary">
<doc>Closes the current browser.</doc>
<status status="PASS" start="2025-03-07T14:51:22.882477" elapsed="2.105608"/>
</kw>
<status status="PASS" start="2025-03-07T14:51:22.882477" elapsed="2.105608"/>
</kw>
<status status="PASS" start="2025-03-07T14:51:16.681626" elapsed="8.306459"/>
</test>
<doc>Use 'TAB' on the beginning of the values
Test To validate Login Form *Description of the Test Case*
To run test: 'python -m robot -filename-'</doc>
<status status="PASS" start="2025-03-07T14:50:59.712441" elapsed="25.276649"/>
</suite>
<suite id="s1-s1-s5" name="testDemo5" source="C:\Users\skarz\Documents\_IMPORTANT\PYTHON\Testing\RobotFramework\test_demo_files\testDemo5.robot">
<test id="s1-s1-s5-t1" name="Invalid Username" line="25">
<kw name="Open the browser with the Mortgage payment url" owner="Generic" type="SETUP">
<kw name="Open Browser" owner="SeleniumLibrary">
<msg time="2025-03-07T14:51:25.033518" level="INFO">Opening browser 'chrome' to base url 'https://rahulshettyacademy.com/loginpagePractise/'.</msg>
<arg>${url}</arg>
<arg>${browser}</arg>
<doc>Opens a new browser instance to the optional ``url``.</doc>
<status status="PASS" start="2025-03-07T14:51:25.033518" elapsed="1.923349"/>
</kw>
<status status="PASS" start="2025-03-07T14:51:25.033518" elapsed="1.923349"/>
</kw>
<kw name="Validate UnSuccessful Login">
<kw name="Open the browser with the Mortgage payment url" owner="Generic">
<kw name="Open Browser" owner="SeleniumLibrary">
<msg time="2025-03-07T14:51:26.957866" level="INFO">Opening browser 'chrome' to base url 'https://rahulshettyacademy.com/loginpagePractise/'.</msg>
<arg>${url}</arg>
<arg>${browser}</arg>
<doc>Opens a new browser instance to the optional ``url``.</doc>
<status status="PASS" start="2025-03-07T14:51:26.957866" elapsed="1.937363"/>
</kw>
<status status="PASS" start="2025-03-07T14:51:26.957866" elapsed="1.938363"/>
</kw>
<kw name="Fill the login Form">
<kw name="Sleep" owner="BuiltIn">
<msg time="2025-03-07T14:51:30.897440" level="INFO">Slept 2 seconds.</msg>
<arg>2s</arg>
<doc>Pauses the test executed for the given time.</doc>
<status status="PASS" start="2025-03-07T14:51:28.896229" elapsed="2.001211"/>
</kw>
<kw name="Input Text" owner="SeleniumLibrary">
<msg time="2025-03-07T14:51:30.897440" level="INFO">Typing text 'abcd' into text field 'id:username'.</msg>
<arg>${Login_id}</arg>
<arg>${username}</arg>
<doc>Types the given ``text`` into the text field identified by ``locator``.</doc>
<status status="PASS" start="2025-03-07T14:51:30.897440" elapsed="0.077002"/>
</kw>
<kw name="Input Password" owner="SeleniumLibrary">
<msg time="2025-03-07T14:51:30.975442" level="INFO">Typing password into text field 'id:password'.</msg>
<msg time="2025-03-07T14:51:30.997442" level="INFO">Temporally setting log level to: NONE</msg>
<arg>${Password_id}</arg>
<arg>${password}</arg>
<doc>Types the given password into the text field identified by ``locator``.</doc>
<status status="PASS" start="2025-03-07T14:51:30.975442" elapsed="0.049998"/>
</kw>
<kw name="Click Button" owner="SeleniumLibrary">
<msg time="2025-03-07T14:51:31.025440" level="INFO">Clicking button 'id:signInBtn'.</msg>
<arg>${Login_Button_id}</arg>
<doc>Clicks the button identified by ``locator``.</doc>
<status status="PASS" start="2025-03-07T14:51:31.025440" elapsed="0.052003"/>
</kw>
<arg>${username}</arg>
<arg>${password}</arg>
<status status="PASS" start="2025-03-07T14:51:28.896229" elapsed="2.182213"/>
</kw>
<kw name="Wait until it checks the login or error message">
<kw name="Wait Until Element Is Visible" owner="SeleniumLibrary">
<arg>${Error_Message_Login}</arg>
<doc>Waits until the element ``locator`` is visible.</doc>
<status status="PASS" start="2025-03-07T14:51:31.078442" elapsed="2.096556"/>
</kw>
<status status="PASS" start="2025-03-07T14:51:31.078442" elapsed="2.096556"/>
</kw>
<kw name="Verify error message">
<kw name="Get Text" owner="SeleniumLibrary">
<msg time="2025-03-07T14:51:33.188997" level="INFO">${result} = Incorrect username/password.</msg>
<var>${result}</var>
<arg>${Error_Message_Login}</arg>
<doc>Returns the text value of the element identified by ``locator``.</doc>
<status status="PASS" start="2025-03-07T14:51:33.174998" elapsed="0.013999"/>
</kw>
<kw name="Should Be Equal As Strings" owner="BuiltIn">
<arg>${result}</arg>
<arg>Incorrect username/password.</arg>
<doc>Fails if objects are unequal after converting them to strings.</doc>
<status status="PASS" start="2025-03-07T14:51:33.188997" elapsed="0.000000"/>
</kw>
<status status="PASS" start="2025-03-07T14:51:33.174998" elapsed="0.013999"/>
</kw>
<arg>username=abcd</arg>
<arg>password=learning</arg>
<status status="PASS" start="2025-03-07T14:51:26.956867" elapsed="6.232130"/>
</kw>
<kw name="Close Browser Session" owner="Generic" type="TEARDOWN">
<kw name="Close Browser" owner="SeleniumLibrary">
<doc>Closes the current browser.</doc>
<status status="PASS" start="2025-03-07T14:51:33.189998" elapsed="2.108538"/>
</kw>
<status status="PASS" start="2025-03-07T14:51:33.189998" elapsed="2.108538"/>
</kw>
<status status="PASS" start="2025-03-07T14:51:25.032517" elapsed="10.266019"/>
</test>
<test id="s1-s1-s5-t2" name="Invalid Password" line="25">
<kw name="Open the browser with the Mortgage payment url" owner="Generic" type="SETUP">
<kw name="Open Browser" owner="SeleniumLibrary">
<msg time="2025-03-07T14:51:35.300536" level="INFO">Opening browser 'chrome' to base url 'https://rahulshettyacademy.com/loginpagePractise/'.</msg>
<arg>${url}</arg>
<arg>${browser}</arg>
<doc>Opens a new browser instance to the optional ``url``.</doc>
<status status="PASS" start="2025-03-07T14:51:35.300536" elapsed="1.943035"/>
</kw>
<status status="PASS" start="2025-03-07T14:51:35.299536" elapsed="1.944035"/>
</kw>
<kw name="Validate UnSuccessful Login">
<kw name="Open the browser with the Mortgage payment url" owner="Generic">
<kw name="Open Browser" owner="SeleniumLibrary">
<msg time="2025-03-07T14:51:37.244573" level="INFO">Opening browser 'chrome' to base url 'https://rahulshettyacademy.com/loginpagePractise/'.</msg>
<arg>${url}</arg>
<arg>${browser}</arg>
<doc>Opens a new browser instance to the optional ``url``.</doc>
<status status="PASS" start="2025-03-07T14:51:37.243571" elapsed="1.957958"/>
</kw>
<status status="PASS" start="2025-03-07T14:51:37.243571" elapsed="1.957958"/>
</kw>
<kw name="Fill the login Form">
<kw name="Sleep" owner="BuiltIn">
<msg time="2025-03-07T14:51:41.202509" level="INFO">Slept 2 seconds.</msg>
<arg>2s</arg>
<doc>Pauses the test executed for the given time.</doc>
<status status="PASS" start="2025-03-07T14:51:39.201529" elapsed="2.000980"/>
</kw>
<kw name="Input Text" owner="SeleniumLibrary">
<msg time="2025-03-07T14:51:41.202509" level="INFO">Typing text 'rahulshetty' into text field 'id:username'.</msg>
<arg>${Login_id}</arg>
<arg>${username}</arg>
<doc>Types the given ``text`` into the text field identified by ``locator``.</doc>
<status status="PASS" start="2025-03-07T14:51:41.202509" elapsed="0.075489"/>
</kw>
<kw name="Input Password" owner="SeleniumLibrary">
<msg time="2025-03-07T14:51:41.277998" level="INFO">Typing password into text field 'id:password'.</msg>
<msg time="2025-03-07T14:51:41.301001" level="INFO">Temporally setting log level to: NONE</msg>
<arg>${Password_id}</arg>
<arg>${password}</arg>
<doc>Types the given password into the text field identified by ``locator``.</doc>
<status status="PASS" start="2025-03-07T14:51:41.277998" elapsed="0.049001"/>
</kw>
<kw name="Click Button" owner="SeleniumLibrary">
<msg time="2025-03-07T14:51:41.328000" level="INFO">Clicking button 'id:signInBtn'.</msg>
<arg>${Login_Button_id}</arg>
<doc>Clicks the button identified by ``locator``.</doc>
<status status="PASS" start="2025-03-07T14:51:41.328000" elapsed="0.051999"/>
</kw>
<arg>${username}</arg>
<arg>${password}</arg>
<status status="PASS" start="2025-03-07T14:51:39.201529" elapsed="2.179473"/>
</kw>
<kw name="Wait until it checks the login or error message">
<kw name="Wait Until Element Is Visible" owner="SeleniumLibrary">
<arg>${Error_Message_Login}</arg>
<doc>Waits until the element ``locator`` is visible.</doc>
<status status="PASS" start="2025-03-07T14:51:41.381002" elapsed="2.095655"/>
</kw>
<status status="PASS" start="2025-03-07T14:51:41.381002" elapsed="2.095655"/>
</kw>
<kw name="Verify error message">
<kw name="Get Text" owner="SeleniumLibrary">
<msg time="2025-03-07T14:51:43.491654" level="INFO">${result} = Incorrect username/password.</msg>
<var>${result}</var>
<arg>${Error_Message_Login}</arg>
<doc>Returns the text value of the element identified by ``locator``.</doc>
<status status="PASS" start="2025-03-07T14:51:43.476657" elapsed="0.014997"/>
</kw>
<kw name="Should Be Equal As Strings" owner="BuiltIn">
<arg>${result}</arg>
<arg>Incorrect username/password.</arg>
<doc>Fails if objects are unequal after converting them to strings.</doc>
<status status="PASS" start="2025-03-07T14:51:43.491654" elapsed="0.000000"/>
</kw>
<status status="PASS" start="2025-03-07T14:51:43.476657" elapsed="0.014997"/>
</kw>
<arg>username=rahulshetty</arg>
<arg>password=abcd</arg>
<status status="PASS" start="2025-03-07T14:51:37.243571" elapsed="6.248083"/>
</kw>
<kw name="Close Browser Session" owner="Generic" type="TEARDOWN">
<kw name="Close Browser" owner="SeleniumLibrary">
<doc>Closes the current browser.</doc>
<status status="PASS" start="2025-03-07T14:51:43.491654" elapsed="2.084686"/>
</kw>
<status status="PASS" start="2025-03-07T14:51:43.491654" elapsed="2.084686"/>
</kw>
<status status="PASS" start="2025-03-07T14:51:35.299536" elapsed="10.276804"/>
</test>
<test id="s1-s1-s5-t3" name="Special Characters" line="25">
<kw name="Open the browser with the Mortgage payment url" owner="Generic" type="SETUP">
<kw name="Open Browser" owner="SeleniumLibrary">
<msg time="2025-03-07T14:51:45.578339" level="INFO">Opening browser 'chrome' to base url 'https://rahulshettyacademy.com/loginpagePractise/'.</msg>
<arg>${url}</arg>
<arg>${browser}</arg>
<doc>Opens a new browser instance to the optional ``url``.</doc>
<status status="PASS" start="2025-03-07T14:51:45.578339" elapsed="1.923968"/>
</kw>
<status status="PASS" start="2025-03-07T14:51:45.577339" elapsed="1.924968"/>
</kw>
<kw name="Validate UnSuccessful Login">
<kw name="Open the browser with the Mortgage payment url" owner="Generic">
<kw name="Open Browser" owner="SeleniumLibrary">
<msg time="2025-03-07T14:51:47.503305" level="INFO">Opening browser 'chrome' to base url 'https://rahulshettyacademy.com/loginpagePractise/'.</msg>
<arg>${url}</arg>
<arg>${browser}</arg>
<doc>Opens a new browser instance to the optional ``url``.</doc>
<status status="PASS" start="2025-03-07T14:51:47.503305" elapsed="1.960118"/>
</kw>
<status status="PASS" start="2025-03-07T14:51:47.502307" elapsed="1.962115"/>
</kw>
<kw name="Fill the login Form">
<kw name="Sleep" owner="BuiltIn">
<msg time="2025-03-07T14:51:51.464468" level="INFO">Slept 2 seconds.</msg>
<arg>2s</arg>
<doc>Pauses the test executed for the given time.</doc>
<status status="PASS" start="2025-03-07T14:51:49.464422" elapsed="2.000046"/>
</kw>
<kw name="Input Text" owner="SeleniumLibrary">
<msg time="2025-03-07T14:51:51.464987" level="INFO">Typing text '@#$' into text field 'id:username'.</msg>
<arg>${Login_id}</arg>
<arg>${username}</arg>
<doc>Types the given ``text`` into the text field identified by ``locator``.</doc>
<status status="PASS" start="2025-03-07T14:51:51.464468" elapsed="0.075297"/>
</kw>
<kw name="Input Password" owner="SeleniumLibrary">
<msg time="2025-03-07T14:51:51.539765" level="INFO">Typing password into text field 'id:password'.</msg>
<msg time="2025-03-07T14:51:51.561764" level="INFO">Temporally setting log level to: NONE</msg>
<arg>${Password_id}</arg>
<arg>${password}</arg>
<doc>Types the given password into the text field identified by ``locator``.</doc>
<status status="PASS" start="2025-03-07T14:51:51.539765" elapsed="0.049998"/>
</kw>
<kw name="Click Button" owner="SeleniumLibrary">
<msg time="2025-03-07T14:51:51.590765" level="INFO">Clicking button 'id:signInBtn'.</msg>
<arg>${Login_Button_id}</arg>
<doc>Clicks the button identified by ``locator``.</doc>
<status status="PASS" start="2025-03-07T14:51:51.589763" elapsed="0.053552"/>
</kw>
<arg>${username}</arg>
<arg>${password}</arg>
<status status="PASS" start="2025-03-07T14:51:49.464422" elapsed="2.179893"/>
</kw>
<kw name="Wait until it checks the login or error message">
<kw name="Wait Until Element Is Visible" owner="SeleniumLibrary">
<arg>${Error_Message_Login}</arg>
<doc>Waits until the element ``locator`` is visible.</doc>
<status status="PASS" start="2025-03-07T14:51:51.644315" elapsed="2.099317"/>
</kw>
<status status="PASS" start="2025-03-07T14:51:51.644315" elapsed="2.099317"/>
</kw>
<kw name="Verify error message">
<kw name="Get Text" owner="SeleniumLibrary">
<msg time="2025-03-07T14:51:53.758632" level="INFO">${result} = Incorrect username/password.</msg>
<var>${result}</var>
<arg>${Error_Message_Login}</arg>
<doc>Returns the text value of the element identified by ``locator``.</doc>
<status status="PASS" start="2025-03-07T14:51:53.743632" elapsed="0.015000"/>
</kw>
<kw name="Should Be Equal As Strings" owner="BuiltIn">
<arg>${result}</arg>
<arg>Incorrect username/password.</arg>
<doc>Fails if objects are unequal after converting them to strings.</doc>
<status status="PASS" start="2025-03-07T14:51:53.758632" elapsed="0.000000"/>
</kw>
<status status="PASS" start="2025-03-07T14:51:53.743632" elapsed="0.015000"/>
</kw>
<arg>username=@#$</arg>
<arg>password=learning</arg>
<status status="PASS" start="2025-03-07T14:51:47.502307" elapsed="6.256325"/>
</kw>
<kw name="Close Browser Session" owner="Generic" type="TEARDOWN">
<kw name="Close Browser" owner="SeleniumLibrary">
<doc>Closes the current browser.</doc>
<status status="PASS" start="2025-03-07T14:51:53.758632" elapsed="2.092556"/>
</kw>
<status status="PASS" start="2025-03-07T14:51:53.758632" elapsed="2.092556"/>
</kw>
<status status="PASS" start="2025-03-07T14:51:45.577339" elapsed="10.273849"/>
</test>
<doc>
              Test To validate Login Form *Description of the Test Case*

              Use 'TAB' on the beginning of the values
              To run test: 'python -m robot -filename-'

              Test Cases are parameterized with username and password</doc>
<status status="PASS" start="2025-03-07T14:51:24.989090" elapsed="30.863099"/>
</suite>
<suite id="s1-s1-s6" name="testDemo6" source="C:\Users\skarz\Documents\_IMPORTANT\PYTHON\Testing\RobotFramework\test_demo_files\testDemo6.robot">
<test id="s1-s1-s6-t1" name="Validate Cards Display in the Shopping Page" line="31">
<kw name="Open the browser with the Mortgage payment url" owner="Generic" type="SETUP">
<kw name="Open Browser" owner="SeleniumLibrary">
<msg time="2025-03-07T14:51:55.871190" level="INFO">Opening browser 'chrome' to base url 'https://rahulshettyacademy.com/loginpagePractise/'.</msg>
<arg>${url}</arg>
<arg>${browser}</arg>
<doc>Opens a new browser instance to the optional ``url``.</doc>
<status status="PASS" start="2025-03-07T14:51:55.870189" elapsed="1.932147"/>
</kw>
<status status="PASS" start="2025-03-07T14:51:55.870189" elapsed="1.932147"/>
</kw>
<kw name="Fill the login Form" owner="PO_LandingPage">
<kw name="Input Text" owner="SeleniumLibrary">
<msg time="2025-03-07T14:51:57.803338" level="INFO">Typing text 'rahulshettyacademy' into text field 'id:username'.</msg>
<arg>${Login_id}</arg>
<arg>${username}</arg>
<doc>Types the given ``text`` into the text field identified by ``locator``.</doc>
<status status="PASS" start="2025-03-07T14:51:57.803338" elapsed="0.078998"/>
</kw>
<kw name="Input Password" owner="SeleniumLibrary">
<msg time="2025-03-07T14:51:57.883337" level="INFO">Typing password into text field 'id:password'.</msg>
<msg time="2025-03-07T14:51:57.906337" level="INFO">Temporally setting log level to: NONE</msg>
<arg>${Password_id}</arg>
<arg>${password}</arg>
<doc>Types the given password into the text field identified by ``locator``.</doc>
<status status="PASS" start="2025-03-07T14:51:57.883337" elapsed="0.052000"/>
</kw>
<kw name="Click Button" owner="SeleniumLibrary">
<msg time="2025-03-07T14:51:57.935337" level="INFO">Clicking button 'id:signInBtn'.</msg>
<arg>${Login_Button_id}</arg>
<doc>Clicks the button identified by ``locator``.</doc>
<status status="PASS" start="2025-03-07T14:51:57.935337" elapsed="0.059000"/>
</kw>
<arg>${username}</arg>
<arg>${password}</arg>
<status status="PASS" start="2025-03-07T14:51:57.802336" elapsed="0.192001"/>
</kw>
<kw name="Wait Until Element is Located in the Page" owner="PO_ShopPage">
<kw name="Wait Until Element Is Visible" owner="SeleniumLibrary">
<arg>${Shop_Page_Load}</arg>
<doc>Waits until the element ``locator`` is visible.</doc>
<status status="PASS" start="2025-03-07T14:51:57.994337" elapsed="3.640649"/>
</kw>
<status status="PASS" start="2025-03-07T14:51:57.994337" elapsed="3.641651"/>
</kw>
<kw name="Verify Card Titles in the Shop Page" owner="PO_ShopPage">
<kw name="Create List" owner="BuiltIn">
<msg time="2025-03-07T14:52:01.635988" level="INFO">@{expectedList} = [ iphone X | Samsung Note 8 | Nokia Edge | Blackberry ]</msg>
<var>@{expectedList}</var>
<arg>iphone X</arg>
<arg>Samsung Note 8</arg>
<arg>Nokia Edge</arg>
<arg>Blackberry</arg>
<doc>Returns a list containing given items.</doc>
<status status="PASS" start="2025-03-07T14:52:01.635988" elapsed="0.000000"/>
</kw>
<kw name="Get WebElements" owner="SeleniumLibrary">
<msg time="2025-03-07T14:52:01.644989" level="INFO">@{elements} = [ &lt;selenium.webdriver.remote.webelement.WebElement (session="3384668d0327f5b4475e2f6efe3a3861", element="f.5B2661A92D418507EF58540C5A241DE9.d.F837EBD013EDB5DCB042EF5887693CEC.e.57")&gt; | &lt;selenium.webdr...</msg>
<var>@{elements}</var>
<arg>css:.card-title</arg>
<doc>Returns a list of WebElement objects matching the ``locator``.</doc>
<status status="PASS" start="2025-03-07T14:52:01.635988" elapsed="0.009001"/>
</kw>
<kw name="Create List" owner="BuiltIn">
<msg time="2025-03-07T14:52:01.644989" level="INFO">@{actualList} = [ ]</msg>
<var>@{actualList}</var>
<doc>Returns a list containing given items.</doc>
<status status="PASS" start="2025-03-07T14:52:01.644989" elapsed="0.000000"/>
</kw>
<for flavor="IN">
<iter>
<kw name="Log" owner="BuiltIn">
<msg time="2025-03-07T14:52:01.655987" level="INFO">iphone X</msg>
<arg>${element.text}</arg>
<doc>Logs the given message with the given level.</doc>
<status status="PASS" start="2025-03-07T14:52:01.644989" elapsed="0.010998"/>
</kw>
<kw name="Append To List" owner="Collections">
<arg>${actualList}</arg>
<arg>${element.text}</arg>
<doc>Adds ``values`` to the end of ``list``.</doc>
<status status="PASS" start="2025-03-07T14:52:01.655987" elapsed="0.006002"/>
</kw>
<var name="${element}">&lt;selenium.webdriver.remote.webelement.WebElement (session="3384668d0327f5b4475e2f6efe3a3861", element="f.5B2661A92D418507EF58540C5A241DE9.d.F837EBD013EDB5DCB042EF5887693CEC.e.57")&gt;</var>
<status status="PASS" start="2025-03-07T14:52:01.644989" elapsed="0.017000"/>
</iter>
<iter>
<kw name="Log" owner="BuiltIn">
<msg time="2025-03-07T14:52:01.667988" level="INFO">Samsung Note 8</msg>
<arg>${element.text}</arg>
<doc>Logs the given message with the given level.</doc>
<status status="PASS" start="2025-03-07T14:52:01.661989" elapsed="0.005999"/>
</kw>
<kw name="Append To List" owner="Collections">
<arg>${actualList}</arg>
<arg>${element.text}</arg>
<doc>Adds ``values`` to the end of ``list``.</doc>
<status status="PASS" start="2025-03-07T14:52:01.667988" elapsed="0.005999"/>
</kw>
<var name="${element}">&lt;selenium.webdriver.remote.webelement.WebElement (session="3384668d0327f5b4475e2f6efe3a3861", element="f.5B2661A92D418507EF58540C5A241DE9.d.F837EBD013EDB5DCB042EF5887693CEC.e.58")&gt;</var>
<status status="PASS" start="2025-03-07T14:52:01.661989" elapsed="0.011998"/>
</iter>
<iter>
<kw name="Log" owner="BuiltIn">
<msg time="2025-03-07T14:52:01.678989" level="INFO">Nokia Edge</msg>
<arg>${element.text}</arg>
<doc>Logs the given message with the given level.</doc>
<status status="PASS" start="2025-03-07T14:52:01.673987" elapsed="0.005002"/>
</kw>
<kw name="Append To List" owner="Collections">
<arg>${actualList}</arg>
<arg>${element.text}</arg>
<doc>Adds ``values`` to the end of ``list``.</doc>
<status status="PASS" start="2025-03-07T14:52:01.678989" elapsed="0.004997"/>
</kw>
<var name="${element}">&lt;selenium.webdriver.remote.webelement.WebElement (session="3384668d0327f5b4475e2f6efe3a3861", element="f.5B2661A92D418507EF58540C5A241DE9.d.F837EBD013EDB5DCB042EF5887693CEC.e.59")&gt;</var>
<status status="PASS" start="2025-03-07T14:52:01.673987" elapsed="0.009999"/>
</iter>
<iter>
<kw name="Log" owner="BuiltIn">
<msg time="2025-03-07T14:52:01.688988" level="INFO">Blackberry</msg>
<arg>${element.text}</arg>
<doc>Logs the given message with the given level.</doc>
<status status="PASS" start="2025-03-07T14:52:01.683986" elapsed="0.005002"/>
</kw>
<kw name="Append To List" owner="Collections">
<arg>${actualList}</arg>
<arg>${element.text}</arg>
<doc>Adds ``values`` to the end of ``list``.</doc>
<status status="PASS" start="2025-03-07T14:52:01.688988" elapsed="0.004998"/>
</kw>
<var name="${element}">&lt;selenium.webdriver.remote.webelement.WebElement (session="3384668d0327f5b4475e2f6efe3a3861", element="f.5B2661A92D418507EF58540C5A241DE9.d.F837EBD013EDB5DCB042EF5887693CEC.e.60")&gt;</var>
<status status="PASS" start="2025-03-07T14:52:01.683986" elapsed="0.010000"/>
</iter>
<var>${element}</var>
<value>@{elements}</value>
<status status="PASS" start="2025-03-07T14:52:01.644989" elapsed="0.048997"/>
</for>
<kw name="Lists Should Be Equal" owner="Collections">
<arg>${expectedList}</arg>
<arg>${actualList}</arg>
<doc>Fails if given lists are unequal.</doc>
<status status="PASS" start="2025-03-07T14:52:01.693986" elapsed="0.000000"/>
</kw>
<status status="PASS" start="2025-03-07T14:52:01.635988" elapsed="0.057998"/>
</kw>
<kw name="Add Item To Cart And Checkout" owner="Shop">
<msg time="2025-03-07T14:52:01.704988" level="INFO">Clicking button 'xpath:(//*[@class='card-footer'])[1]/button'.</msg>
<msg time="2025-03-07T14:52:01.768989" level="INFO">Clicking button 'xpath:(//*[@class='card-footer'])[2]/button'.</msg>
<msg time="2025-03-07T14:52:01.821986" level="INFO">Clicking button 'xpath:(//*[@class='card-footer'])[3]/button'.</msg>
<msg time="2025-03-07T14:52:01.872986" level="INFO">Clicking button 'xpath:(//*[@class='card-footer'])[4]/button'.</msg>
<msg time="2025-03-07T14:52:01.923986" level="INFO">Clicking link 'css:li.active a'.</msg>
<arg>${List_of_products}</arg>
<status status="PASS" start="2025-03-07T14:52:01.694987" elapsed="0.278999"/>
</kw>
<kw name="Verify items in the Checkout Page and Proceed" owner="PO_CheckoutPage">
<kw name="Click Element" owner="SeleniumLibrary">
<msg time="2025-03-07T14:52:01.974987" level="INFO">Clicking element 'css:.btn-success'.</msg>
<arg>css:.btn-success</arg>
<doc>Click the element identified by ``locator``.</doc>
<status status="PASS" start="2025-03-07T14:52:01.974987" elapsed="0.049999"/>
</kw>
<status status="PASS" start="2025-03-07T14:52:01.973986" elapsed="0.051000"/>
</kw>
<kw name="Enter the Country and Select the Terms" owner="PO_ConfirmationPage">
<kw name="Input Text" owner="SeleniumLibrary">
<msg time="2025-03-07T14:52:02.025988" level="INFO">Typing text 'India' into text field 'country'.</msg>
<arg>country</arg>
<arg>${country_name}</arg>
<doc>Types the given ``text`` into the text field identified by ``locator``.</doc>
<status status="PASS" start="2025-03-07T14:52:02.025988" elapsed="0.065002"/>
</kw>
<kw name="Sleep" owner="BuiltIn">
<msg time="2025-03-07T14:52:07.091210" level="INFO">Slept 5 seconds.</msg>
<arg>5s</arg>
<doc>Pauses the test executed for the given time.</doc>
<status status="PASS" start="2025-03-07T14:52:02.090990" elapsed="5.000220"/>
</kw>
<kw name="Wait Until Element is Located in the Page" owner="Generic">
<kw name="Wait Until Element Is Visible" owner="SeleniumLibrary">
<arg>${page_locator}</arg>
<doc>Waits until the element ``locator`` is visible.</doc>
<status status="PASS" start="2025-03-07T14:52:07.091210" elapsed="0.016000"/>
</kw>
<arg>//a[text()='${country_name}']</arg>
<status status="PASS" start="2025-03-07T14:52:07.091210" elapsed="0.016000"/>
</kw>
<kw name="Click Element" owner="SeleniumLibrary">
<msg time="2025-03-07T14:52:07.107210" level="INFO">Clicking element '//a[text()='India']'.</msg>
<arg>//a[text()='${country_name}']</arg>
<doc>Click the element identified by ``locator``.</doc>
<status status="PASS" start="2025-03-07T14:52:07.107210" elapsed="0.043000"/>
</kw>
<kw name="Sleep" owner="BuiltIn">
<msg time="2025-03-07T14:52:10.150230" level="INFO">Slept 3 seconds.</msg>
<arg>3s</arg>
<doc>Pauses the test executed for the given time.</doc>
<status status="PASS" start="2025-03-07T14:52:07.150210" elapsed="3.000020"/>
</kw>
<kw name="Click Element" owner="SeleniumLibrary">
<msg time="2025-03-07T14:52:10.150230" level="INFO">Clicking element 'css:.checkbox label'.</msg>
<arg>css:.checkbox label</arg>
<doc>Click the element identified by ``locator``.</doc>
<status status="PASS" start="2025-03-07T14:52:10.150230" elapsed="0.044009"/>
</kw>
<arg>${country_name}</arg>
<status status="PASS" start="2025-03-07T14:52:02.024986" elapsed="8.169253"/>
</kw>
<kw name="Purchase the Products and Confirm the Purchase" owner="PO_ConfirmationPage">
<kw name="Click Button" owner="SeleniumLibrary">
<msg time="2025-03-07T14:52:10.195240" level="INFO">Clicking button 'css:.btn-success'.</msg>
<arg>css:.btn-success</arg>
<doc>Clicks the button identified by ``locator``.</doc>
<status status="PASS" start="2025-03-07T14:52:10.195240" elapsed="0.046997"/>
</kw>
<kw name="Page Should Contain" owner="SeleniumLibrary">
<msg time="2025-03-07T14:52:10.254241" level="INFO">Current page contains text 'Success!'.</msg>
<arg>Success!</arg>
<doc>Verifies that current page contains ``text``.</doc>
<status status="PASS" start="2025-03-07T14:52:10.242237" elapsed="0.012004"/>
</kw>
<status status="PASS" start="2025-03-07T14:52:10.194239" elapsed="0.060002"/>
</kw>
<kw name="Close Browser Session" owner="Generic" type="TEARDOWN">
<kw name="Close Browser" owner="SeleniumLibrary">
<doc>Closes the current browser.</doc>
<status status="PASS" start="2025-03-07T14:52:10.255239" elapsed="2.099933"/>
</kw>
<status status="PASS" start="2025-03-07T14:52:10.255239" elapsed="2.099933"/>
</kw>
<status status="PASS" start="2025-03-07T14:51:55.870189" elapsed="16.484983"/>
</test>
<doc>To validate Login Form

PO = Page Object
'country_name' requires exact match from the dropdown list of countries from the website</doc>
<status status="PASS" start="2025-03-07T14:51:55.852189" elapsed="16.503988"/>
</suite>
<status status="FAIL" start="2025-03-07T14:50:20.802415" elapsed="111.554759"/>
</suite>
<status status="FAIL" start="2025-03-07T14:50:20.695415" elapsed="111.661759"/>
</suite>
<statistics>
<total>
<stat pass="10" fail="1" skip="0">All Tests</stat>
</total>
<tag>
</tag>
<suite>
<stat name="RobotFramework" id="s1" pass="10" fail="1" skip="0">RobotFramework</stat>
<stat name="Test Demo Files" id="s1-s1" pass="10" fail="1" skip="0">RobotFramework.Test Demo Files</stat>
<stat name="testDemo1" id="s1-s1-s1" pass="1" fail="0" skip="0">RobotFramework.Test Demo Files.testDemo1</stat>
<stat name="testDemo2" id="s1-s1-s2" pass="1" fail="1" skip="0">RobotFramework.Test Demo Files.testDemo2</stat>
<stat name="testDemo3" id="s1-s1-s3" pass="1" fail="0" skip="0">RobotFramework.Test Demo Files.testDemo3</stat>
<stat name="testDemo4" id="s1-s1-s4" pass="3" fail="0" skip="0">RobotFramework.Test Demo Files.testDemo4</stat>
<stat name="testDemo5" id="s1-s1-s5" pass="3" fail="0" skip="0">RobotFramework.Test Demo Files.testDemo5</stat>
<stat name="testDemo6" id="s1-s1-s6" pass="1" fail="0" skip="0">RobotFramework.Test Demo Files.testDemo6</stat>
</suite>
</statistics>
<errors>
</errors>
</robot>
