<?xml version="1.0" encoding="UTF-8"?>
<robot generator="Robot 7.2.2 (Python 3.11.9 on win32)" generated="2025-03-04T20:28:49.722833" rpa="false" schemaversion="5">
<suite id="s1" name="testDemo3" source="C:\Users\skarz\Documents\#IMPORTANT\PYTHON\Testing\RobotFramework\testDemo3.robot">
<test id="s1-t1" name="Validate Child Window Functionality" line="18">
<kw name="Open the browser with the Mortgage payment url" owner="resource" type="SETUP">
<kw name="Open Browser" owner="SeleniumLibrary">
<msg time="2025-03-04T20:28:49.924833" level="INFO">Opening browser 'chrome' to base url 'https://rahulshettyacademy.com/loginpagePractise/'.</msg>
<arg>${url}</arg>
<arg>${browser}</arg>
<doc>Opens a new browser instance to the optional ``url``.</doc>
<status status="PASS" start="2025-03-04T20:28:49.924833" elapsed="2.322392"/>
</kw>
<status status="PASS" start="2025-03-04T20:28:49.923833" elapsed="2.323392"/>
</kw>
<kw name="Select the Link of Child Window">
<kw name="Click Element" owner="SeleniumLibrary">
<msg time="2025-03-04T20:28:52.249227" level="INFO">Clicking element 'css:.blinkingText'.</msg>
<arg>css:.blinkingText</arg>
<doc>Click the element identified by ``locator``.</doc>
<status status="PASS" start="2025-03-04T20:28:52.248225" elapsed="0.076999"/>
</kw>
<kw name="Sleep" owner="BuiltIn">
<msg time="2025-03-04T20:28:57.326515" level="INFO">Slept 5 seconds.</msg>
<arg>5s</arg>
<doc>Pauses the test executed for the given time.</doc>
<status status="PASS" start="2025-03-04T20:28:52.325224" elapsed="5.001291"/>
</kw>
<status status="PASS" start="2025-03-04T20:28:52.248225" elapsed="5.078290"/>
</kw>
<kw name="Verify the User is Switched to Child Window">
<kw name="Switch Window" owner="SeleniumLibrary">
<arg>NEW</arg>
<doc>Switches to browser window matching ``locator``.</doc>
<status status="PASS" start="2025-03-04T20:28:57.326515" elapsed="0.007007"/>
</kw>
<kw name="Element Text Should Be" owner="SeleniumLibrary">
<msg time="2025-03-04T20:28:57.333522" level="INFO">Verifying element 'css:h1' contains exact text 'DOCUMENTS REQUEST'.</msg>
<arg>css:h1</arg>
<arg>DOCUMENTS REQUEST</arg>
<doc>Verifies that element ``locator`` contains exact the text ``expected``.</doc>
<status status="PASS" start="2025-03-04T20:28:57.333522" elapsed="0.021000"/>
</kw>
<status status="PASS" start="2025-03-04T20:28:57.326515" elapsed="0.028007"/>
</kw>
<kw name="Grab the Email ID in the Child Window">
<kw name="Get Text" owner="SeleniumLibrary">
<msg time="2025-03-04T20:28:57.367522" level="INFO">${text} = Please email us at mentor@rahulshettyacademy.com with below template to receive response</msg>
<var>${text}</var>
<arg>css:.red</arg>
<doc>Returns the text value of the element identified by ``locator``.</doc>
<status status="PASS" start="2025-03-04T20:28:57.355523" elapsed="0.011999"/>
</kw>
<kw name="Split String" owner="String">
<msg time="2025-03-04T20:28:57.367522" level="INFO">${words} = ['Please', 'email', 'us', 'at', 'mentor@rahulshettyacademy.com', 'with', 'below', 'template', 'to', 'receive', 'response']</msg>
<var>${words}</var>
<arg>${text}</arg>
<doc>Splits the ``string`` using ``separator`` as a delimiter string.</doc>
<status status="PASS" start="2025-03-04T20:28:57.367522" elapsed="0.001002"/>
</kw>
<kw name="Get From List" owner="Collections">
<msg time="2025-03-04T20:28:57.368524" level="INFO">${emailNeeded} = mentor@rahulshettyacademy.com</msg>
<var>${emailNeeded}</var>
<arg>${words}</arg>
<arg>4</arg>
<doc>Returns the value specified with an ``index`` from ``list``.</doc>
<status status="PASS" start="2025-03-04T20:28:57.368524" elapsed="0.000000"/>
</kw>
<kw name="Log" owner="BuiltIn">
<msg time="2025-03-04T20:28:57.368524" level="INFO">mentor@rahulshettyacademy.com</msg>
<arg>${emailNeeded}</arg>
<doc>Logs the given message with the given level.</doc>
<status status="PASS" start="2025-03-04T20:28:57.368524" elapsed="0.000000"/>
</kw>
<kw name="Set Global Variable" owner="BuiltIn">
<msg time="2025-03-04T20:28:57.368524" level="INFO">${emailNeeded} = mentor@rahulshettyacademy.com</msg>
<arg>${emailNeeded}</arg>
<doc>Makes a variable available globally in all tests and suites.</doc>
<status status="PASS" start="2025-03-04T20:28:57.368524" elapsed="0.000000"/>
</kw>
<status status="PASS" start="2025-03-04T20:28:57.355523" elapsed="0.013001"/>
</kw>
<kw name="Switch To Parent Window and Enter the Email ID">
<kw name="Switch Window" owner="SeleniumLibrary">
<arg>MAIN</arg>
<doc>Switches to browser window matching ``locator``.</doc>
<status status="PASS" start="2025-03-04T20:28:57.369523" elapsed="0.007000"/>
</kw>
<kw name="Title Should Be" owner="SeleniumLibrary">
<msg time="2025-03-04T20:28:57.380522" level="INFO">Page title is 'LoginPage Practise | Rahul Shetty Academy'.</msg>
<arg>LoginPage Practise | Rahul Shetty Academy</arg>
<doc>Verifies that the current page title equals ``title``.</doc>
<status status="PASS" start="2025-03-04T20:28:57.376523" elapsed="0.003999"/>
</kw>
<kw name="Input Text" owner="SeleniumLibrary">
<msg time="2025-03-04T20:28:57.380522" level="INFO">Typing text 'mentor@rahulshettyacademy.com' into text field 'id:username'.</msg>
<arg>id:username</arg>
<arg>${emailNeeded}</arg>
<doc>Types the given ``text`` into the text field identified by ``locator``.</doc>
<status status="PASS" start="2025-03-04T20:28:57.380522" elapsed="0.087001"/>
</kw>
<status status="PASS" start="2025-03-04T20:28:57.368524" elapsed="0.098999"/>
</kw>
<kw name="Close Browser Session" owner="resource" type="TEARDOWN">
<kw name="Close Browser" owner="SeleniumLibrary">
<doc>Closes the current browser.</doc>
<status status="PASS" start="2025-03-04T20:28:57.467523" elapsed="2.112800"/>
</kw>
<status status="PASS" start="2025-03-04T20:28:57.467523" elapsed="2.112800"/>
</kw>
<status status="PASS" start="2025-03-04T20:28:49.923833" elapsed="9.656490"/>
</test>
<doc>Use 'TAB' on the beginning of the values
Test To validate Login Form *Description of the Test Case*
To run test: 'python -m robot -filename-'</doc>
<status status="PASS" start="2025-03-04T20:28:49.723834" elapsed="9.857490"/>
</suite>
<statistics>
<total>
<stat pass="1" fail="0" skip="0">All Tests</stat>
</total>
<tag>
</tag>
<suite>
<stat name="testDemo3" id="s1" pass="1" fail="0" skip="0">testDemo3</stat>
</suite>
</statistics>
<errors>
</errors>
</robot>
